<?xml version="1.0" encoding="UTF-8"?>
<testsuites>
  <testsuite name="" tests="2" assertions="7" errors="0" warnings="0" failures="1" skipped="0" time="0.238828">
    <testsuite name="Feature" tests="2" assertions="7" errors="0" warnings="0" failures="1" skipped="0" time="0.238828">
      <testsuite name="Tests\Feature\BookPostTest" file="/opt/lampp/htdocs/a/example-app/tests/Feature/BookPostTest.php" tests="1" assertions="1" errors="0" warnings="0" failures="1" skipped="0" time="0.194818">
        <testcase name="testSuccessfulPost" class="Tests\Feature\BookPostTest" classname="Tests.Feature.BookPostTest" file="/opt/lampp/htdocs/a/example-app/tests/Feature/BookPostTest.php" line="44" assertions="1" time="0.194818">
          <failure type="PHPUnit\Framework\ExpectationFailedException">Tests\Feature\BookPostTest::testSuccessfulPost
Expected response status code [201] but received 422.

The following errors occurred during the request:

{
    "message": "The given data was invalid.",
    "errors": {
        "isbn": [
            "The isbn must not be greater than 13."
        ],
        "authors.0": [
            "The authors.0 must be an array."
        ]
    }
}

Failed asserting that 201 is identical to 422.

/opt/lampp/htdocs/a/example-app/vendor/laravel/framework/src/Illuminate/Testing/TestResponse.php:177
/opt/lampp/htdocs/a/example-app/tests/Feature/BookPostTest.php:58</failure>
        </testcase>
      </testsuite>
      <testsuite name="Tests\Feature\BookReviewTest" file="/opt/lampp/htdocs/a/example-app/tests/Feature/BookReviewTest.php" tests="1" assertions="6" errors="0" warnings="0" failures="0" skipped="0" time="0.044009">
        <testcase name="testSuccessfulPost" class="Tests\Feature\BookReviewTest" classname="Tests.Feature.BookReviewTest" file="/opt/lampp/htdocs/a/example-app/tests/Feature/BookReviewTest.php" line="26" assertions="6" time="0.044009"/>
      </testsuite>
    </testsuite>
  </testsuite>
</testsuites>
